[24.10.2016 16:42:34] poppo вошел в чат
[24.10.2016 16:47:51] sdf вошел в чат
[25.10.2016 10:09:02] sdf вошел в чат
[25.10.2016 10:12:00] asdf вошел в чат
[25.10.2016 10:12:09] asdf: ::crybaby:: df
[25.10.2016 10:15:35] asdf вошел в чат
[25.10.2016 10:15:39] asdf: ::chips::
[25.10.2016 10:15:44] asdf: hello 
[25.10.2016 10:15:52] asdf: sdfdfs ::ded:: sdaf 
[25.10.2016 10:16:28] sdf вошел в чат
[25.10.2016 10:16:30] sdf: sadf
[25.10.2016 10:16:57] dfg вошел в чат
[25.10.2016 10:18:10] asf вошел в чат
[25.10.2016 10:18:20] sdf вошел в чат
[25.10.2016 10:19:09] sf вошел в чат
[25.10.2016 10:19:14] sf: sadf ::dog:: 
[25.10.2016 10:19:21] sf: asdf ::angry::
[25.10.2016 10:19:31] sf: sdf
[25.10.2016 10:22:01] sadf вошел в чат
[25.10.2016 10:22:03] sadf: sadf
[25.10.2016 10:22:08] sadf: sadf sdf ::boxed::
[25.10.2016 10:22:15] asdfas вошел в чат
[25.10.2016 10:22:15] asdfas вошел в чат
[25.10.2016 10:22:23] asdfas: ::ded:: asdf
[25.10.2016 10:22:24] asdfas: ::ded:: asdf
[25.10.2016 10:22:27] asdfas: sdf
[25.10.2016 10:22:27] asdfas: sdf
[25.10.2016 10:22:43] sadf: ::eek:: ::crybaby:: 
[25.10.2016 10:22:43] sadf: ::eek:: ::crybaby:: 
[25.10.2016 10:22:52] sadf вышел из чата
[25.10.2016 10:23:40] asdf вошел в чат
[25.10.2016 10:25:45] as вошел в чат
[25.10.2016 10:25:54] as: sdf sd ::eek:: sd::drunk::asdf
[25.10.2016 10:26:02] as: asdf::boxing::sadf ::disgust::
[25.10.2016 10:26:10] as: ::clover::
[25.10.2016 10:26:34] qwe вошел в чат
[25.10.2016 10:26:41] dcxc вошел в чат
[25.10.2016 10:26:41] dcxc вошел в чат
[25.10.2016 10:26:53] dcxc: ::cry::sdfsdf
[25.10.2016 10:26:53] dcxc: ::cry::sdfsdf
[25.10.2016 10:27:05] qwe: heool  ::drunk::
[25.10.2016 10:27:05] qwe: heool  ::drunk::
[25.10.2016 10:27:16] dcxc: /Черт ::dog::
[25.10.2016 10:27:16] dcxc: /Черт ::dog::
[25.10.2016 10:27:24] dcxc: ывфа ыва 
[25.10.2016 10:27:28] dcxc: сука 
[25.10.2016 10:27:32] dcxc: сука 
[25.10.2016 10:27:32] dcxc: сука 
[25.10.2016 10:27:47] dcxc: ::boxed::
[25.10.2016 10:27:47] dcxc: ::boxed::
[25.10.2016 10:27:52] dcxc: ыва::dots:: 
[25.10.2016 10:27:52] dcxc: ыва::dots:: 
[25.10.2016 10:28:05] qwe вышел из чата
[25.10.2016 10:40:35] qwe вошел в чат
[25.10.2016 10:40:41] 1212 вошел в чат
[25.10.2016 10:40:41] 1212 вошел в чат
[25.10.2016 10:40:45] sadf вошел в чат
[25.10.2016 10:40:45] sadf вошел в чат
[25.10.2016 10:40:45] sadf вошел в чат
[25.10.2016 10:41:00] qwe вышел из чата
[25.10.2016 10:41:00] qwe вышел из чата
[25.10.2016 10:41:01] sadf вышел из чата
[25.10.2016 10:57:02] qwqw вошел в чат
[25.10.2016 10:57:08] sdf вошел в чат
[25.10.2016 10:57:08] sdf вошел в чат
[25.10.2016 10:57:14] zx вошел в чат
[25.10.2016 10:57:14] zx вошел в чат
[25.10.2016 10:57:14] zx вошел в чат
[25.10.2016 10:58:15] sdf вышел из чата
[25.10.2016 10:59:25] sadf вошел в чат
[25.10.2016 10:59:28] trt вошел в чат
[25.10.2016 10:59:28] trt вошел в чат
[25.10.2016 10:59:34] poop вошел в чат
[25.10.2016 10:59:34] poop вошел в чат
[25.10.2016 10:59:34] poop вошел в чат
[25.10.2016 10:59:55] trt вышел из чата
[25.10.2016 11:04:03] asd вошел в чат
[25.10.2016 11:04:08] ds вошел в чат
[25.10.2016 11:04:09] ds вошел в чат
[25.10.2016 11:04:12] asd: sdaf
[25.10.2016 11:04:12] asd: sdaf
[25.10.2016 11:04:23] ds: коля
[25.10.2016 11:04:23] ds: коля
[25.10.2016 11:04:34] ds: коля
[25.10.2016 11:04:34] ds: коля
[25.10.2016 11:04:42] asd: жесткий
[25.10.2016 11:04:42] asd: жесткий
[25.10.2016 11:04:48] asd: ::eda::
[25.10.2016 11:04:48] asd: ::eda::
[25.10.2016 11:04:56] ds: фак ::boxed:: ыва
[25.10.2016 11:04:56] ds: фак ::boxed:: ыва
[25.10.2016 11:05:09] asd: ::euro::
[25.10.2016 11:05:09] asd: ::euro::
[25.10.2016 11:05:12] asd: ::isus::
[25.10.2016 11:05:12] asd: ::isus::
[25.10.2016 11:05:15] asd: ::isus::
[25.10.2016 11:05:15] asd: ::isus::
[25.10.2016 11:05:18] asd: ::isus::
[25.10.2016 11:05:18] asd: ::isus::
[25.10.2016 11:05:25] asd: ::isus::ап
[25.10.2016 11:05:25] asd: ::isus::ап
[25.10.2016 11:05:43] соска вошел в чат
[25.10.2016 11:05:43] соска вошел в чат
[25.10.2016 11:05:43] соска вошел в чат
[25.10.2016 11:06:00] соска: ::freeze::
[25.10.2016 11:06:00] соска: ::freeze::
[25.10.2016 11:06:00] соска: ::freeze::
[25.10.2016 11:06:09] соска: геля
[25.10.2016 11:06:09] соска: геля
[25.10.2016 11:06:09] соска: геля
[25.10.2016 11:06:17] oio вошел в чат
[25.10.2016 11:06:17] oio вошел в чат
[25.10.2016 11:06:17] oio вошел в чат
[25.10.2016 11:06:17] oio вошел в чат
[25.10.2016 11:06:28] соска: геля
[25.10.2016 11:06:28] соска: геля
[25.10.2016 11:06:28] соска: геля
[25.10.2016 11:06:37] соска: ::ded::
[25.10.2016 11:06:37] соска: ::ded::
[25.10.2016 11:06:37] соска: ::ded::
[25.10.2016 11:06:40] ds вышел из чата
[25.10.2016 11:06:40] ds вышел из чата
[25.10.2016 11:06:40] ds вышел из чата
[25.10.2016 11:06:41] asd вышел из чата
[25.10.2016 11:06:41] asd вышел из чата
[25.10.2016 11:06:41] соска вышел из чата
[25.10.2016 11:08:33] sdf вошел в чат
[25.10.2016 11:17:26] qwwq вошел в чат
[25.10.2016 11:17:31] sdf вошел в чат
[25.10.2016 11:17:31] sdf вошел в чат
[25.10.2016 11:17:38] sdcxxc вошел в чат
[25.10.2016 11:17:38] sdcxxc вошел в чат
[25.10.2016 11:17:38] sdcxxc вошел в чат
[25.10.2016 11:17:47] sdcxxc: всем 
[25.10.2016 11:17:47] sdcxxc: всем 
[25.10.2016 11:17:47] sdcxxc: всем 
[25.10.2016 11:17:54] sdf: тебе
[25.10.2016 11:17:54] sdf: тебе
[25.10.2016 11:18:01] sdf: тебе
[25.10.2016 11:18:01] sdf: тебе
[25.10.2016 11:18:08] sdf: вам
[25.10.2016 11:18:08] sdf: вам
[25.10.2016 11:18:12] sdf: ::djiga::
[25.10.2016 11:18:12] sdf: ::djiga::
[25.10.2016 11:19:23] asd вошел в чат
[25.10.2016 11:19:29] scx вошел в чат
[25.10.2016 11:19:29] scx вошел в чат
[25.10.2016 11:19:33] xcxc вошел в чат
[25.10.2016 11:19:33] xcxc вошел в чат
[25.10.2016 11:19:34] xcxc вошел в чат
[25.10.2016 11:19:38] xcxc: ::ded::
[25.10.2016 11:19:38] xcxc: ::ded::
[25.10.2016 11:19:38] xcxc: ::ded::
[25.10.2016 11:19:52] xcxc: sdf::diagnoz:: sd
[25.10.2016 11:19:52] xcxc: sdf::diagnoz:: sd
[25.10.2016 11:19:53] xcxc: sdf::diagnoz:: sd
[25.10.2016 11:19:58] xcxc: sdf::diagnoz:: sd
[25.10.2016 11:19:58] xcxc: sdf::diagnoz:: sd
[25.10.2016 11:20:03] xcxc: sdf::diagnoz:: sd
[25.10.2016 11:20:03] xcxc: sdf::diagnoz:: sd
[25.10.2016 11:20:06] xcxc: sdf::diagnoz:: sd
[25.10.2016 11:20:06] xcxc: sdf::diagnoz:: sd
[25.10.2016 11:20:06] xcxc: sdf::diagnoz:: sd
[25.10.2016 11:20:13] xcxc: sdf::diagnoz:: sd
[25.10.2016 11:20:13] xcxc: sdf::diagnoz:: sd
[25.10.2016 11:20:13] xcxc: sdf::diagnoz:: sd
[25.10.2016 11:20:14] xcxc: asdf
[25.10.2016 11:20:14] xcxc: asdf
[25.10.2016 11:20:14] xcxc: asdf
[25.10.2016 11:20:20] xcxc: ::disgust::
[25.10.2016 11:20:20] xcxc: ::disgust::
[25.10.2016 11:20:20] xcxc: ::disgust::
[25.10.2016 11:20:24] scx: sdf
[25.10.2016 11:20:24] scx: sdf
[25.10.2016 11:20:28] asd: sadf
[25.10.2016 11:20:28] asd: sadf
[25.10.2016 11:20:32] asd: ::diagnoz::
[25.10.2016 11:20:32] asd: ::diagnoz::
[25.10.2016 11:20:36] asd: ::disgust::
[25.10.2016 11:20:36] asd: ::disgust::
[25.10.2016 11:20:36] asd: ::disgust::
[25.10.2016 11:20:43] asd: sdf
[25.10.2016 11:20:43] asd: sdf
[25.10.2016 11:20:44] asd: sdf
[25.10.2016 11:20:49] xcxc вышел из чата
[25.10.2016 11:20:49] xcxc вышел из чата
[25.10.2016 11:20:54] asd вышел из чата
[25.10.2016 11:23:53] 111 вошел в чат
[25.10.2016 11:24:00] 222 вошел в чат
[25.10.2016 11:24:00] 222 вошел в чат
[25.10.2016 11:24:06] 333 вошел в чат
[25.10.2016 11:24:06] 333 вошел в чат
[25.10.2016 11:24:06] 333 вошел в чат
[25.10.2016 11:24:48] 333 вышел из чата
[25.10.2016 11:24:48] 333 вышел из чата
[25.10.2016 11:25:40] 222 вышел из чата
[25.10.2016 11:25:50] 111 вошел в чат
[25.10.2016 11:25:53] 222 вошел в чат
[25.10.2016 11:25:53] 222 вошел в чат
[25.10.2016 11:26:43] 111 вышел из чата
[25.10.2016 11:29:23] 111 вошел в чат
[25.10.2016 11:29:29] 222 вошел в чат
[25.10.2016 11:29:29] 222 вошел в чат
[25.10.2016 11:29:35] 111: sdf
[25.10.2016 11:29:35] 111: sdf
[25.10.2016 11:29:43] 222: sdf
[25.10.2016 11:29:43] 222: sdf
[25.10.2016 11:29:47] 222: sdf
[25.10.2016 11:29:47] 222: sdf
[25.10.2016 11:29:57] 222 вышел из чата
[25.10.2016 11:30:03] 111 вошел в чат
[25.10.2016 11:30:09] 222 вошел в чат
[25.10.2016 11:30:09] 222 вошел в чат
[25.10.2016 11:30:18] 111: ewwe
[25.10.2016 11:31:39] 111 вошел в чат
[25.10.2016 11:31:44] 222 вошел в чат
[25.10.2016 11:31:44] 222 вошел в чат
[25.10.2016 11:31:52] 111: 1222
[25.10.2016 11:31:56] 111: sdaf
[25.10.2016 11:32:01] sdsdsd вошел в чат
[25.10.2016 11:32:01] sdsdsd вошел в чат
[25.10.2016 11:32:01] sdsdsd вошел в чат
[25.10.2016 11:32:09] 111: sdfsdf
[25.10.2016 11:32:09] 111: sdfsdf
[25.10.2016 11:32:15] 111: sdf
[25.10.2016 11:32:15] 111: sdf
[25.10.2016 11:32:23] 111: sa::disgust::
[25.10.2016 11:32:23] 111: sa::disgust::
[25.10.2016 11:32:36] 111: ::ded::
[25.10.2016 11:32:36] 111: ::ded::
[25.10.2016 11:32:36] 111: ::ded::
[25.10.2016 11:32:52] 111 вышел из чата
[25.10.2016 11:32:52] 111 вышел из чата
[25.10.2016 11:33:00] sdsdsd: sdf
[25.10.2016 11:34:46] 111 вошел в чат
[25.10.2016 11:34:54] 222 вошел в чат
[25.10.2016 11:34:54] 222 вошел в чат
[25.10.2016 11:35:00] 222 вышел из чата
[25.10.2016 12:05:23] 111 вошел в чат
[25.10.2016 12:05:57] htt вошел в чат
[25.10.2016 12:05:57] htt вошел в чат
[25.10.2016 12:08:30] htt вышел из чата
[25.10.2016 12:20:51] sdfsdf вошел в чат
[25.10.2016 12:21:15] sdf вошел в чат
[25.10.2016 12:22:23] sdf вошел в чат
[25.10.2016 13:10:35] sdf вошел в чат
[25.10.2016 13:11:22] ds вошел в чат
[25.10.2016 13:11:27] dfg вошел в чат
[25.10.2016 13:11:27] dfg вошел в чат
[25.10.2016 13:11:45] dfg вышел из чата
[25.10.2016 13:12:09] sdf вошел в чат
[25.10.2016 13:12:17] sdf вошел в чат
[25.10.2016 13:12:17] sdf вошел в чат
[25.10.2016 13:12:37] sdf вышел из чата
[25.10.2016 13:12:59] qqw вошел в чат
[25.10.2016 13:13:10] sdf вошел в чат
[25.10.2016 13:13:10] sdf вошел в чат
[25.10.2016 13:14:00] qqw вышел из чата
[25.10.2016 13:14:10] ds вошел в чат
[25.10.2016 13:14:14] sdf вошел в чат
[25.10.2016 13:14:14] sdf вошел в чат
[25.10.2016 13:14:26] sdf вышел из чата
[25.10.2016 13:15:10] sdf вошел в чат
[25.10.2016 13:15:15] sdf вошел в чат
[25.10.2016 13:15:15] sdf вошел в чат
[25.10.2016 13:15:24] sdf вышел из чата
[25.10.2016 13:15:31] sdf вошел в чат
[25.10.2016 13:15:38] dfg вошел в чат
[25.10.2016 13:15:38] dfg вошел в чат
[25.10.2016 13:15:41] dfg вышел из чата
[25.10.2016 13:15:55] asd вошел в чат
[25.10.2016 13:15:59] sdf вошел в чат
[25.10.2016 13:15:59] sdf вошел в чат
[25.10.2016 13:16:10] sdf вышел из чата
[25.10.2016 13:16:22] sdf вошел в чат
[25.10.2016 13:16:26] sdf вошел в чат
[25.10.2016 13:16:26] sdf вошел в чат
[25.10.2016 13:16:31] sdf вышел из чата
[25.10.2016 13:16:43] sdf вошел в чат
[25.10.2016 13:16:49] sdf вошел в чат
[25.10.2016 13:16:49] sdf вошел в чат
[25.10.2016 13:16:52] sdf вышел из чата
[25.10.2016 13:17:07] sdf вошел в чат
[25.10.2016 13:17:13] sdfc вошел в чат
[25.10.2016 13:17:13] sdfc вошел в чат
[25.10.2016 13:17:44] sdf вошел в чат
[25.10.2016 13:17:44] sdf вошел в чат
[25.10.2016 13:17:44] sdf вошел в чат
[25.10.2016 13:18:07] sdf вышел из чата
[25.10.2016 13:18:07] sdf вышел из чата
[25.10.2016 13:18:35] sdf вышел из чата
[25.10.2016 13:18:43] sdf вошел в чат
[25.10.2016 13:18:48] sdxc вошел в чат
[25.10.2016 13:18:48] sdxc вошел в чат
[25.10.2016 13:18:52] sdxc вышел из чата
[25.10.2016 13:19:49] sd вошел в чат
[25.10.2016 13:19:53] dffg вошел в чат
[25.10.2016 13:19:53] dffg вошел в чат
[25.10.2016 13:20:00] dffg вышел из чата
[25.10.2016 13:20:16] sdf вошел в чат
[25.10.2016 13:20:21] sdfsdf вошел в чат
[25.10.2016 13:20:21] sdfsdf вошел в чат
[25.10.2016 13:20:24] sdfsdf вышел из чата
[25.10.2016 13:21:18] cx вошел в чат
[25.10.2016 13:21:22] qwqw вошел в чат
[25.10.2016 13:21:22] qwqw вошел в чат
[25.10.2016 13:21:29] qwqw вышел из чата
[25.10.2016 13:25:38] sdf вошел в чат
[25.10.2016 13:25:43] sdf вошел в чат
[25.10.2016 13:25:43] sdf вошел в чат
[25.10.2016 13:25:49] sdf вышел из чата
[25.10.2016 13:26:01] sdfsdf вошел в чат
[25.10.2016 13:26:01] sdfsdf вошел в чат
[25.10.2016 13:26:09] sdfsdf вышел из чата
[25.10.2016 13:26:45] jhjh вошел в чат
[25.10.2016 13:26:45] jhjh вошел в чат
[25.10.2016 13:27:52] sdf вошел в чат
[25.10.2016 13:27:59] dsdssd вошел в чат
[25.10.2016 13:27:59] dsdssd вошел в чат
[25.10.2016 13:28:04] sccxc вошел в чат
[25.10.2016 13:28:04] sccxc вошел в чат
[25.10.2016 13:28:04] sccxc вошел в чат
[25.10.2016 13:28:15] sdf: sdfsdf
[25.10.2016 13:28:15] sdf: sdfsdf
[25.10.2016 13:28:15] sdf: sdfsdf
[25.10.2016 13:28:26] sdf: sdf
[25.10.2016 13:28:26] sdf: sdf
[25.10.2016 13:28:32] sdf: sdfsdf
[25.10.2016 13:28:34] sdf: asdf
[25.10.2016 13:28:34] sdf: asdf
[25.10.2016 13:28:36] sdf: sdf
[25.10.2016 13:28:36] sdf: sdf
[25.10.2016 13:28:43] sdf: sdfsdf
[25.10.2016 13:28:43] sdf: sdfsdf
[25.10.2016 13:28:45] sdf: sdf
[25.10.2016 13:28:45] sdf: sdf
[25.10.2016 13:28:45] sdf: sdf
[25.10.2016 13:28:47] sccxc вышел из чата
[25.10.2016 13:28:47] sccxc вышел из чата
[25.10.2016 13:28:48] sdf вышел из чата
[25.10.2016 13:29:56] sdf вошел в чат
[25.10.2016 13:30:04] sdf вошел в чат
[25.10.2016 13:30:04] sdf вошел в чат
[25.10.2016 13:30:07] sdf вышел из чата
[25.10.2016 13:30:11] qqq вошел в чат
[25.10.2016 13:30:11] qqq вошел в чат
[25.10.2016 13:30:24] aaa вошел в чат
[25.10.2016 13:30:24] aaa вошел в чат
[25.10.2016 13:30:24] aaa вошел в чат
[25.10.2016 13:31:25] aaa вышел из чата
[25.10.2016 13:33:59] qqqq вошел в чат
[25.10.2016 13:34:22] aaa вошел в чат
[25.10.2016 13:34:22] aaa вошел в чат
[25.10.2016 13:34:28] ssss вошел в чат
[25.10.2016 13:34:28] ssss вошел в чат
[25.10.2016 13:34:28] ssss вошел в чат
[25.10.2016 13:34:33] ffff вошел в чат
[25.10.2016 13:34:33] ffff вошел в чат
[25.10.2016 13:34:33] ffff вошел в чат
[25.10.2016 13:34:33] ffff вошел в чат
[25.10.2016 13:34:57] qqqq: сем привет
[25.10.2016 13:34:57] qqqq: сем привет
[25.10.2016 13:34:57] qqqq: сем привет
[25.10.2016 13:35:34] qqqq: вошел в чат
[25.10.2016 13:35:39] qqqq: вошел в чат
[25.10.2016 13:35:39] qqqq: вошел в чат
[25.10.2016 13:35:52] qqqq: вошел в чат
[25.10.2016 13:35:52] qqqq: вошел в чат
[25.10.2016 13:35:52] qqqq: вошел в чат
[25.10.2016 13:35:57] qqqq: ::hmm::
[25.10.2016 13:35:57] qqqq: ::hmm::
[25.10.2016 13:35:57] qqqq: ::hmm::
[25.10.2016 13:35:57] qqqq: ::hmm::
[25.10.2016 13:36:06] aaa: Сука 
[25.10.2016 13:36:06] aaa: Сука 
[25.10.2016 13:36:06] aaa: Сука 
[25.10.2016 13:36:06] aaa: Сука 
[25.10.2016 13:36:13] aaa: ::hmm::
[25.10.2016 13:36:13] aaa: ::hmm::
[25.10.2016 13:36:18] qqqq вышел из чата
[25.10.2016 13:36:18] qqqq вышел из чата
[25.10.2016 13:36:18] qqqq вышел из чата
[25.10.2016 13:36:19] aaa вышел из чата
[25.10.2016 13:36:19] aaa вышел из чата
[25.10.2016 13:36:21] ssss вышел из чата
[26.10.2016 9:17:30] 111 вошел в чат
[26.10.2016 9:17:35] 222 вошел в чат
[26.10.2016 9:17:36] 222 вошел в чат
[26.10.2016 9:17:44] 333 вошел в чат
[26.10.2016 9:17:44] 333 вошел в чат
[26.10.2016 9:17:44] 333 вошел в чат
[26.10.2016 9:17:51] 444 вошел в чат
[26.10.2016 9:17:51] 444 вошел в чат
[26.10.2016 9:17:51] 444 вошел в чат
[26.10.2016 9:17:51] 444 вошел в чат
[26.10.2016 9:18:08] 222: привет хрен
[26.10.2016 9:18:08] 222: привет хрен
[26.10.2016 9:18:19] 444: вон
[26.10.2016 9:18:19] 444: вон
[26.10.2016 9:18:30] 222: ::boxed::
[26.10.2016 9:18:30] 222: ::boxed::
[26.10.2016 9:18:38] 222: ::innocent::
[26.10.2016 9:18:38] 222: ::innocent::
[26.10.2016 9:18:43] 444: ::smoke::
[26.10.2016 9:18:43] 444: ::smoke::
[26.10.2016 9:19:09] 444: sdf
[26.10.2016 9:19:12] 444: sdf
[26.10.2016 9:19:12] 444: sdf
[26.10.2016 9:19:12] 444: sdf
[26.10.2016 9:19:24] 444: sdfsd
[26.10.2016 9:19:24] 444: sdfsd
[26.10.2016 9:19:28] 333: sdf
[26.10.2016 9:19:28] 333: sdf
[26.10.2016 9:19:28] 333: sdf
[26.10.2016 9:19:28] 333: sdf
[26.10.2016 9:19:35] 111: sdfsdf
[26.10.2016 9:19:35] 111: sdfsdf
[26.10.2016 9:19:35] 111: sdfsdf
[26.10.2016 9:19:48] 111: sdfsdf
[26.10.2016 9:19:48] 111: sdfsdf
[26.10.2016 9:19:50] 444 вышел из чата
[26.10.2016 9:19:50] 444 вышел из чата
[26.10.2016 9:19:52] 111 вышел из чата
[26.10.2016 9:19:52] 222 вышел из чата
